  [1m[36m (1.7ms)[0m  [1mCREATE TABLE "schema_migrations" ("version" varchar NOT NULL) [0m
  [1m[35m (0.1ms)[0m  select sqlite_version(*)
  [1m[36m (1.6ms)[0m  [1mCREATE UNIQUE INDEX "unique_schema_migrations" ON "schema_migrations" ("version")[0m
  [1m[35mActiveRecord::SchemaMigration Load (0.1ms)[0m  SELECT "schema_migrations".* FROM "schema_migrations"


Started GET "/" for ::1 at 2015-11-17 17:47:54 -0600
Processing by Rails::WelcomeController#index as HTML
  Rendered /Users/admin/.rvm/gems/ruby-2.1.2/gems/railties-4.2.3/lib/rails/templates/rails/welcome/index.html.erb (2.8ms)
Completed 200 OK in 27ms (Views: 19.4ms | ActiveRecord: 0.0ms)
  [1m[36mActiveRecord::SchemaMigration Load (0.1ms)[0m  [1mSELECT "schema_migrations".* FROM "schema_migrations"[0m
Migrating to CreateStudents (1)
  [1m[35m (0.1ms)[0m  begin transaction
  [1m[36m (0.4ms)[0m  [1mCREATE TABLE "students" ("id" INTEGER PRIMARY KEY AUTOINCREMENT NOT NULL, "first_name" varchar, "last_name" varchar, "created_at" datetime NOT NULL, "updated_at" datetime NOT NULL) [0m
  [1m[35mSQL (0.3ms)[0m  INSERT INTO "schema_migrations" ("version") VALUES (?)  [["version", "1"]]
  [1m[36m (1.4ms)[0m  [1mcommit transaction[0m
  [1m[35mActiveRecord::SchemaMigration Load (0.1ms)[0m  SELECT "schema_migrations".* FROM "schema_migrations"
  [1m[36m (0.1ms)[0m  [1mbegin transaction[0m
  [1m[35mSQL (0.3ms)[0m  INSERT INTO "students" ("first_name", "last_name", "created_at", "updated_at") VALUES (?, ?, ?, ?)  [["first_name", "Jordan"], ["last_name", "Hudgens"], ["created_at", "2015-11-18 00:10:55.545365"], ["updated_at", "2015-11-18 00:10:55.545365"]]
  [1m[36m (2.9ms)[0m  [1mcommit transaction[0m
  [1m[35mStudent Load (0.2ms)[0m  SELECT  "students".* FROM "students"  ORDER BY "students"."id" DESC LIMIT 1
  [1m[36m (0.1ms)[0m  [1mbegin transaction[0m
  [1m[35mSQL (0.3ms)[0m  INSERT INTO "students" ("created_at", "updated_at") VALUES (?, ?)  [["created_at", "2015-11-18 00:17:49.095449"], ["updated_at", "2015-11-18 00:17:49.095449"]]
  [1m[36m (1.2ms)[0m  [1mcommit transaction[0m
  [1m[35mStudent Load (0.2ms)[0m  SELECT  "students".* FROM "students"  ORDER BY "students"."id" DESC LIMIT 1
  [1m[36mActiveRecord::SchemaMigration Load (0.1ms)[0m  [1mSELECT "schema_migrations".* FROM "schema_migrations"[0m
  [1m[35mActiveRecord::SchemaMigration Load (0.1ms)[0m  SELECT "schema_migrations".* FROM "schema_migrations"


Started GET "/" for ::1 at 2015-11-18 13:36:42 -0600
  [1m[36mActiveRecord::SchemaMigration Load (0.1ms)[0m  [1mSELECT "schema_migrations".* FROM "schema_migrations"[0m
Processing by Rails::WelcomeController#index as HTML
  Rendered /Users/admin/.rvm/gems/ruby-2.1.2/gems/railties-4.2.3/lib/rails/templates/rails/welcome/index.html.erb (2.4ms)
Completed 200 OK in 39ms (Views: 24.5ms | ActiveRecord: 0.0ms)


Started GET "/" for ::1 at 2015-11-18 13:37:10 -0600
Processing by Rails::WelcomeController#index as HTML
  Rendered /Users/admin/.rvm/gems/ruby-2.1.2/gems/railties-4.2.3/lib/rails/templates/rails/welcome/index.html.erb (0.0ms)
Completed 200 OK in 1ms (Views: 0.7ms | ActiveRecord: 0.0ms)
  [1m[36mActiveRecord::SchemaMigration Load (0.5ms)[0m  [1mSELECT "schema_migrations".* FROM "schema_migrations"[0m
  [1m[35mActiveRecord::SchemaMigration Load (0.1ms)[0m  SELECT "schema_migrations".* FROM "schema_migrations"
  [1m[36mStudent Load (0.4ms)[0m  [1mSELECT  "students".* FROM "students"  ORDER BY "students"."id" DESC LIMIT 1[0m
  [1m[35mStudent Load (0.2ms)[0m  SELECT  "students".* FROM "students"  ORDER BY "students"."id" DESC LIMIT 1
  [1m[36m (0.1ms)[0m  [1mbegin transaction[0m
  [1m[35mSQL (0.6ms)[0m  DELETE FROM "students" WHERE "students"."id" = ?  [["id", 2]]
  [1m[36m (1.6ms)[0m  [1mcommit transaction[0m
  [1m[35mStudent Load (0.2ms)[0m  SELECT "students".* FROM "students"
  [1m[35m (8.9ms)[0m  [1m[35mCREATE TABLE "ar_internal_metadata" ("key" varchar NOT NULL PRIMARY KEY, "value" varchar, "created_at" datetime NOT NULL, "updated_at" datetime NOT NULL)[0m
  [1m[36mActiveRecord::SchemaMigration Load (2.2ms)[0m  [1m[34mSELECT "schema_migrations".* FROM "schema_migrations"[0m
Migrating to CreateSchoolClasses (20201007212446)
  [1m[35m (0.1ms)[0m  [1m[36mbegin transaction[0m
  [1m[35m (1.1ms)[0m  [1m[35mCREATE TABLE "school_classes" ("id" INTEGER PRIMARY KEY AUTOINCREMENT NOT NULL, "title" varchar, "room_number" integer, "created_at" datetime NOT NULL, "updated_at" datetime NOT NULL)[0m
  [1m[35mSQL (0.4ms)[0m  [1m[32mINSERT INTO "schema_migrations" ("version") VALUES (?)[0m  [["version", "20201007212446"]]
  [1m[35m (6.4ms)[0m  [1m[36mcommit transaction[0m
  [1m[36mActiveRecord::InternalMetadata Load (0.3ms)[0m  [1m[34mSELECT  "ar_internal_metadata".* FROM "ar_internal_metadata" WHERE "ar_internal_metadata"."key" = ? LIMIT ?[0m  [["key", "environment"], ["LIMIT", 1]]
  [1m[35m (7.4ms)[0m  [1m[36mbegin transaction[0m
  [1m[35mSQL (0.6ms)[0m  [1m[32mINSERT INTO "ar_internal_metadata" ("key", "value", "created_at", "updated_at") VALUES (?, ?, ?, ?)[0m  [["key", "environment"], ["value", "development"], ["created_at", "2020-10-07 21:33:47.807341"], ["updated_at", "2020-10-07 21:33:47.807341"]]
  [1m[35m (7.7ms)[0m  [1m[36mcommit transaction[0m
  [1m[36mActiveRecord::SchemaMigration Load (0.5ms)[0m  [1m[34mSELECT "schema_migrations".* FROM "schema_migrations"[0m
Started GET "/students" for ::1 at 2020-10-07 18:08:10 -0400
  [1m[36mActiveRecord::SchemaMigration Load (2.4ms)[0m  [1m[34mSELECT "schema_migrations".* FROM "schema_migrations"[0m
Processing by StudentsController#index as HTML
  Rendering students/index.html.erb within layouts/application
  Rendered students/index.html.erb within layouts/application (12.9ms)
Started GET "/students" for ::1 at 2020-10-07 18:08:14 -0400
Processing by StudentsController#index as HTML
  Rendering students/index.html.erb within layouts/application
  Rendered students/index.html.erb within layouts/application (2.0ms)
Completed 200 OK in 3216ms (Views: 3160.4ms | ActiveRecord: 0.0ms)


Completed 200 OK in 725ms (Views: 705.2ms | ActiveRecord: 0.0ms)


Started GET "/students" for ::1 at 2020-10-07 18:13:25 -0400
Processing by StudentsController#index as HTML
  Rendering students/index.html.erb within layouts/application
  Rendered students/index.html.erb within layouts/application (7.9ms)
Completed 200 OK in 704ms (Views: 616.0ms | ActiveRecord: 0.0ms)


Started GET "/students" for ::1 at 2020-10-07 18:13:30 -0400
Processing by StudentsController#index as HTML
  Rendering students/index.html.erb within layouts/application
  Rendered students/index.html.erb within layouts/application (0.8ms)
Completed 200 OK in 165ms (Views: 142.0ms | ActiveRecord: 0.0ms)


  [1m[35m (0.4ms)[0m  [1m[36mbegin transaction[0m
  [1m[35mSQL (5.0ms)[0m  [1m[32mINSERT INTO "students" ("first_name", "last_name", "created_at", "updated_at") VALUES (?, ?, ?, ?)[0m  [["first_name", "Roman"], ["last_name", "Tetelbaum"], ["created_at", "2020-10-07 22:16:12.374308"], ["updated_at", "2020-10-07 22:16:12.374308"]]
  [1m[35m (3.7ms)[0m  [1m[36mcommit transaction[0m
Started GET "/students" for ::1 at 2020-10-07 18:17:32 -0400
Processing by StudentsController#index as HTML
  Rendering students/index.html.erb within layouts/application
  Rendered students/index.html.erb within layouts/application (34.6ms)
Completed 200 OK in 297ms (Views: 259.4ms | ActiveRecord: 0.0ms)


Started GET "/students" for ::1 at 2020-10-07 18:17:39 -0400
Processing by StudentsController#index as HTML
  Rendering students/index.html.erb within layouts/application
  Rendered students/index.html.erb within layouts/application (2.6ms)
Completed 200 OK in 107ms (Views: 104.8ms | ActiveRecord: 0.0ms)


Started GET "/students" for ::1 at 2020-10-07 18:19:27 -0400
Processing by StudentsController#index as HTML
  Rendering students/index.html.erb within layouts/application
  [1m[36mStudent Load (19.6ms)[0m  [1m[34mSELECT "students".* FROM "students"[0m
  Rendered students/index.html.erb within layouts/application (162.7ms)
Completed 200 OK in 391ms (Views: 335.4ms | ActiveRecord: 28.8ms)


Started GET "/students" for ::1 at 2020-10-07 18:21:52 -0400
Processing by StudentsController#index as HTML
  Rendering students/index.html.erb within layouts/application
  [1m[36mStudent Load (2.4ms)[0m  [1m[34mSELECT "students".* FROM "students"[0m
  Rendered students/index.html.erb within layouts/application (61.1ms)
Completed 200 OK in 347ms (Views: 289.1ms | ActiveRecord: 2.4ms)


Started GET "/students" for ::1 at 2020-10-07 18:24:27 -0400
Processing by StudentsController#index as HTML
  Rendering students/index.html.erb within layouts/application
  [1m[36mStudent Load (1.2ms)[0m  [1m[34mSELECT "students".* FROM "students"[0m
  Rendered students/index.html.erb within layouts/application (30.3ms)
Completed 200 OK in 401ms (Views: 369.8ms | ActiveRecord: 1.2ms)


Started GET "/students/1" for ::1 at 2020-10-07 18:24:29 -0400
Processing by StudentsController#show as HTML
  Parameters: {"id"=>"1"}
  [1m[36mStudent Load (4.8ms)[0m  [1m[34mSELECT  "students".* FROM "students" WHERE "students"."id" = ? LIMIT ?[0m  [["id", 1], ["LIMIT", 1]]
  Rendering students/show.html.erb within layouts/application
  Rendered students/show.html.erb within layouts/application (2.1ms)
Completed 200 OK in 241ms (Views: 147.9ms | ActiveRecord: 4.8ms)


Started GET "/students" for ::1 at 2020-10-07 18:30:09 -0400
Processing by StudentsController#index as HTML
  Rendering students/index.html.erb within layouts/application
  [1m[36mStudent Load (24.9ms)[0m  [1m[34mSELECT "students".* FROM "students"[0m
  Rendered students/index.html.erb within layouts/application (128.7ms)
Completed 200 OK in 381ms (Views: 330.9ms | ActiveRecord: 28.6ms)


Started GET "/school_classes" for ::1 at 2020-10-07 18:30:15 -0400
Processing by SchoolClassesController#index as HTML
  Rendering school_classes/index.html.erb within layouts/application
  [1m[36mSchoolClass Load (2.3ms)[0m  [1m[34mSELECT "school_classes".* FROM "school_classes"[0m
  Rendered school_classes/index.html.erb within layouts/application (6.7ms)
Completed 200 OK in 160ms (Views: 127.0ms | ActiveRecord: 3.3ms)


  [1m[36mSchoolClass Load (4.0ms)[0m  [1m[34mSELECT "school_classes".* FROM "school_classes"[0m
Started GET "/school_classes" for ::1 at 2020-10-07 18:32:23 -0400
Processing by SchoolClassesController#index as HTML
  Rendering school_classes/index.html.erb within layouts/application
  [1m[36mSchoolClass Load (0.9ms)[0m  [1m[34mSELECT "school_classes".* FROM "school_classes"[0m
  Rendered school_classes/index.html.erb within layouts/application (24.0ms)
Completed 200 OK in 553ms (Views: 519.6ms | ActiveRecord: 0.9ms)


  [1m[35m (0.4ms)[0m  [1m[36mbegin transaction[0m
  [1m[35mSQL (28.3ms)[0m  [1m[32mINSERT INTO "school_classes" ("title", "room_number", "created_at", "updated_at") VALUES (?, ?, ?, ?)[0m  [["title", "Coding 101"], ["room_number", 17], ["created_at", "2020-10-07 22:32:40.575683"], ["updated_at", "2020-10-07 22:32:40.575683"]]
  [1m[35m (21.2ms)[0m  [1m[36mcommit transaction[0m
Started GET "/school_classes" for ::1 at 2020-10-07 18:32:42 -0400
Processing by SchoolClassesController#index as HTML
  Rendering school_classes/index.html.erb within layouts/application
  [1m[36mSchoolClass Load (0.5ms)[0m  [1m[34mSELECT "school_classes".* FROM "school_classes"[0m
  Rendered school_classes/index.html.erb within layouts/application (168.7ms)
Completed 500 Internal Server Error in 216ms (ActiveRecord: 4.0ms)


  
ActionView::Template::Error (no implicit conversion of Integer into String):
    1: <h1>School Classes Index</h1>
    2: 
    3: <% @school_classes.each do |sc| %>
    4: 	<p><%= link_to sc.to_s, school_class_path(sc) %></p>
    5: <% end%>
  
app/models/school_class.rb:3:in `+'
app/models/school_class.rb:3:in `to_s'
app/views/school_classes/index.html.erb:4:in `block in _app_views_school_classes_index_html_erb___633569657007566120_70120606830000'
app/views/school_classes/index.html.erb:3:in `_app_views_school_classes_index_html_erb___633569657007566120_70120606830000'
  Rendering /Users/frankraccoon/.rvm/gems/ruby-2.6.1/gems/actionpack-5.0.7.1/lib/action_dispatch/middleware/templates/rescues/template_error.html.erb within rescues/layout
  Rendering /Users/frankraccoon/.rvm/gems/ruby-2.6.1/gems/actionpack-5.0.7.1/lib/action_dispatch/middleware/templates/rescues/_source.html.erb
  Rendered /Users/frankraccoon/.rvm/gems/ruby-2.6.1/gems/actionpack-5.0.7.1/lib/action_dispatch/middleware/templates/rescues/_source.html.erb (25.9ms)
  Rendering /Users/frankraccoon/.rvm/gems/ruby-2.6.1/gems/actionpack-5.0.7.1/lib/action_dispatch/middleware/templates/rescues/_trace.html.erb
  Rendered /Users/frankraccoon/.rvm/gems/ruby-2.6.1/gems/actionpack-5.0.7.1/lib/action_dispatch/middleware/templates/rescues/_trace.html.erb (7.6ms)
  Rendering /Users/frankraccoon/.rvm/gems/ruby-2.6.1/gems/actionpack-5.0.7.1/lib/action_dispatch/middleware/templates/rescues/_request_and_response.html.erb
  Rendered /Users/frankraccoon/.rvm/gems/ruby-2.6.1/gems/actionpack-5.0.7.1/lib/action_dispatch/middleware/templates/rescues/_request_and_response.html.erb (3.2ms)
  Rendered /Users/frankraccoon/.rvm/gems/ruby-2.6.1/gems/actionpack-5.0.7.1/lib/action_dispatch/middleware/templates/rescues/template_error.html.erb within rescues/layout (156.4ms)
Started GET "/school_classes" for ::1 at 2020-10-07 18:33:09 -0400
Processing by SchoolClassesController#index as HTML
  Rendering school_classes/index.html.erb within layouts/application
  [1m[36mSchoolClass Load (1.0ms)[0m  [1m[34mSELECT "school_classes".* FROM "school_classes"[0m
  Rendered school_classes/index.html.erb within layouts/application (45.6ms)
Completed 200 OK in 245ms (Views: 198.3ms | ActiveRecord: 8.0ms)


Started GET "/school_classes/1" for ::1 at 2020-10-07 18:33:15 -0400
Processing by SchoolClassesController#show as HTML
  Parameters: {"id"=>"1"}
  [1m[36mSchoolClass Load (0.3ms)[0m  [1m[34mSELECT  "school_classes".* FROM "school_classes" WHERE "school_classes"."id" = ? LIMIT ?[0m  [["id", 1], ["LIMIT", 1]]
  Rendering school_classes/show.html.erb within layouts/application
  Rendered school_classes/show.html.erb within layouts/application (6.5ms)
Completed 200 OK in 96ms (Views: 91.0ms | ActiveRecord: 0.3ms)


Started GET "/students" for ::1 at 2020-10-07 18:38:31 -0400
Processing by StudentsController#index as HTML
  Rendering students/index.html.erb within layouts/application
  [1m[36mStudent Load (13.1ms)[0m  [1m[34mSELECT "students".* FROM "students"[0m
  Rendered students/index.html.erb within layouts/application (119.6ms)
Completed 200 OK in 316ms (Views: 230.8ms | ActiveRecord: 32.0ms)


Started GET "/students/new" for ::1 at 2020-10-07 18:38:32 -0400
Processing by StudentsController#new as HTML
  Rendering students/new.html.erb within layouts/application
  Rendered students/new.html.erb within layouts/application (329.7ms)
Completed 200 OK in 536ms (Views: 496.5ms | ActiveRecord: 0.0ms)


Started POST "/students" for ::1 at 2020-10-07 18:38:44 -0400
Processing by StudentsController#create as HTML
  Parameters: {"utf8"=>"✓", "authenticity_token"=>"iF3F6eN244/Zi6O6Hu77dcqXLg6gDRRgs+2YIqS0dI0K1RyikV6ebr5ken5lOXpG60pG4x6V+t4q2Rd7nduneQ==", "student"=>{"first_name"=>"Rooney", "last_name"=>"Mara"}, "commit"=>"Create Student"}
  [1m[35m (5.2ms)[0m  [1m[36mbegin transaction[0m
  [1m[35mSQL (77.2ms)[0m  [1m[32mINSERT INTO "students" ("first_name", "last_name", "created_at", "updated_at") VALUES (?, ?, ?, ?)[0m  [["first_name", "Rooney"], ["last_name", "Mara"], ["created_at", "2020-10-07 22:38:44.334145"], ["updated_at", "2020-10-07 22:38:44.334145"]]
  [1m[35m (17.8ms)[0m  [1m[36mcommit transaction[0m
Redirected to http://localhost:3000/students/4
Completed 302 Found in 196ms (ActiveRecord: 100.1ms)


Started GET "/students/4" for ::1 at 2020-10-07 18:38:44 -0400
Processing by StudentsController#show as HTML
  Parameters: {"id"=>"4"}
  [1m[36mStudent Load (0.3ms)[0m  [1m[34mSELECT  "students".* FROM "students" WHERE "students"."id" = ? LIMIT ?[0m  [["id", 4], ["LIMIT", 1]]
  Rendering students/show.html.erb within layouts/application
  Rendered students/show.html.erb within layouts/application (1.8ms)
Completed 200 OK in 259ms (Views: 250.6ms | ActiveRecord: 0.3ms)


Started GET "/school_classes/new" for ::1 at 2020-10-07 18:38:58 -0400
Processing by SchoolClassesController#new as HTML
  Rendering school_classes/new.html.erb within layouts/application
  Rendered school_classes/new.html.erb within layouts/application (91.5ms)
Completed 200 OK in 251ms (Views: 232.5ms | ActiveRecord: 0.0ms)


Started POST "/school_classes" for ::1 at 2020-10-07 18:39:11 -0400
Processing by SchoolClassesController#create as HTML
  Parameters: {"utf8"=>"✓", "authenticity_token"=>"1MkQVvFcwQHmSA3p9rMY7HiPYmXDPylcUZGLOZ1bjOlWQckdg3S84IGn1C2NZJnfWVIKiH2nx+LIpQRgpDRfHQ==", "school_class"=>{"title"=>"Acting 101", "room_number"=>"234"}, "commit"=>"Create School class"}
  [1m[35m (0.8ms)[0m  [1m[36mbegin transaction[0m
  [1m[35mSQL (26.9ms)[0m  [1m[32mINSERT INTO "school_classes" ("title", "room_number", "created_at", "updated_at") VALUES (?, ?, ?, ?)[0m  [["title", "Acting 101"], ["room_number", 234], ["created_at", "2020-10-07 22:39:11.297925"], ["updated_at", "2020-10-07 22:39:11.297925"]]
  [1m[35m (13.2ms)[0m  [1m[36mcommit transaction[0m
Redirected to http://localhost:3000/school_classes/2
Completed 302 Found in 95ms (ActiveRecord: 40.8ms)


Started GET "/school_classes/2" for ::1 at 2020-10-07 18:39:11 -0400
Processing by SchoolClassesController#show as HTML
  Parameters: {"id"=>"2"}
  [1m[36mSchoolClass Load (0.3ms)[0m  [1m[34mSELECT  "school_classes".* FROM "school_classes" WHERE "school_classes"."id" = ? LIMIT ?[0m  [["id", 2], ["LIMIT", 1]]
  Rendering school_classes/show.html.erb within layouts/application
  Rendered school_classes/show.html.erb within layouts/application (3.6ms)
Completed 200 OK in 194ms (Views: 183.1ms | ActiveRecord: 0.3ms)


Started GET "/school_classes/new" for ::1 at 2020-10-07 18:41:21 -0400
Processing by SchoolClassesController#new as HTML
  Rendering school_classes/new.html.erb within layouts/application
  Rendered school_classes/new.html.erb within layouts/application (25.2ms)
Completed 200 OK in 275ms (Views: 254.2ms | ActiveRecord: 0.0ms)


Started GET "/school_classes/new" for ::1 at 2020-10-07 18:42:45 -0400
Processing by SchoolClassesController#new as HTML
  Rendering school_classes/new.html.erb within layouts/application
  Rendered school_classes/new.html.erb within layouts/application (154.1ms)
Completed 200 OK in 314ms (Views: 286.5ms | ActiveRecord: 0.0ms)


Started GET "/school_classes/new" for ::1 at 2020-10-07 18:44:37 -0400
Processing by SchoolClassesController#new as HTML
  Rendering school_classes/new.html.erb within layouts/application
  Rendered school_classes/new.html.erb within layouts/application (54.8ms)
Completed 200 OK in 310ms (Views: 277.1ms | ActiveRecord: 0.0ms)


Started GET "/students/new" for ::1 at 2020-10-07 18:45:11 -0400
Processing by StudentsController#new as HTML
  Rendering students/new.html.erb within layouts/application
  Rendered students/new.html.erb within layouts/application (61.7ms)
Completed 200 OK in 201ms (Views: 179.6ms | ActiveRecord: 0.0ms)


Started GET "/students/new" for ::1 at 2020-10-07 18:45:24 -0400
Processing by StudentsController#new as HTML
  Rendering students/new.html.erb within layouts/application
  Rendered students/new.html.erb within layouts/application (49.0ms)
Completed 200 OK in 233ms (Views: 226.1ms | ActiveRecord: 0.0ms)


Started GET "/students/new" for ::1 at 2020-10-07 18:45:41 -0400
Processing by StudentsController#new as HTML
  Rendering students/new.html.erb within layouts/application
  Rendered students/new.html.erb within layouts/application (9.2ms)
Completed 500 Internal Server Error in 33ms (ActiveRecord: 0.0ms)


  
SyntaxError (/Users/frankraccoon/Development/code/phase-2/rails-form_for-lab/app/views/students/new.html.erb:4: syntax error, unexpected ')'
....append=( f.label First name: );@output_buffer.safe_append='...
...                              ^
/Users/frankraccoon/Development/code/phase-2/rails-form_for-lab/app/views/students/new.html.erb:11: syntax error, unexpected end, expecting ')'
'.freeze; end ;@output_buffer.to_s
          ^~~
/Users/frankraccoon/Development/code/phase-2/rails-form_for-lab/app/views/students/new.html.erb:12: syntax error, unexpected ensure, expecting ')'
          ensure
          ^~~~~~
/Users/frankraccoon/Development/code/phase-2/rails-form_for-lab/app/views/students/new.html.erb:14: syntax error, unexpected end, expecting ')'
          end
          ^~~):
  
app/views/students/new.html.erb:4: syntax error, unexpected ')'
app/views/students/new.html.erb:11: syntax error, unexpected end, expecting ')'
app/views/students/new.html.erb:12: syntax error, unexpected ensure, expecting ')'
app/views/students/new.html.erb:14: syntax error, unexpected end, expecting ')'
  Rendering /Users/frankraccoon/.rvm/gems/ruby-2.6.1/gems/actionpack-5.0.7.1/lib/action_dispatch/middleware/templates/rescues/diagnostics.html.erb within rescues/layout
  Rendering /Users/frankraccoon/.rvm/gems/ruby-2.6.1/gems/actionpack-5.0.7.1/lib/action_dispatch/middleware/templates/rescues/_source.html.erb
  Rendered /Users/frankraccoon/.rvm/gems/ruby-2.6.1/gems/actionpack-5.0.7.1/lib/action_dispatch/middleware/templates/rescues/_source.html.erb (36.2ms)
  Rendering /Users/frankraccoon/.rvm/gems/ruby-2.6.1/gems/actionpack-5.0.7.1/lib/action_dispatch/middleware/templates/rescues/_trace.html.erb
  Rendered /Users/frankraccoon/.rvm/gems/ruby-2.6.1/gems/actionpack-5.0.7.1/lib/action_dispatch/middleware/templates/rescues/_trace.html.erb (10.0ms)
  Rendering /Users/frankraccoon/.rvm/gems/ruby-2.6.1/gems/actionpack-5.0.7.1/lib/action_dispatch/middleware/templates/rescues/_request_and_response.html.erb
  Rendered /Users/frankraccoon/.rvm/gems/ruby-2.6.1/gems/actionpack-5.0.7.1/lib/action_dispatch/middleware/templates/rescues/_request_and_response.html.erb (4.2ms)
  Rendered /Users/frankraccoon/.rvm/gems/ruby-2.6.1/gems/actionpack-5.0.7.1/lib/action_dispatch/middleware/templates/rescues/diagnostics.html.erb within rescues/layout (235.6ms)
Started GET "/students/new" for ::1 at 2020-10-07 18:45:54 -0400
Processing by StudentsController#new as HTML
  Rendering students/new.html.erb within layouts/application
  Rendered students/new.html.erb within layouts/application (10.9ms)
Completed 200 OK in 166ms (Views: 163.6ms | ActiveRecord: 0.0ms)


Started GET "/students/" for ::1 at 2020-10-07 18:51:36 -0400
Processing by StudentsController#index as HTML
  Rendering students/index.html.erb within layouts/application
  [1m[36mStudent Load (1.9ms)[0m  [1m[34mSELECT "students".* FROM "students"[0m
  Rendered students/index.html.erb within layouts/application (37.1ms)
Completed 200 OK in 312ms (Views: 285.6ms | ActiveRecord: 1.9ms)


Started GET "/students/1" for ::1 at 2020-10-07 18:51:39 -0400
Processing by StudentsController#show as HTML
  Parameters: {"id"=>"1"}
  [1m[36mStudent Load (0.4ms)[0m  [1m[34mSELECT  "students".* FROM "students" WHERE "students"."id" = ? LIMIT ?[0m  [["id", 1], ["LIMIT", 1]]
  Rendering students/show.html.erb within layouts/application
  Rendered students/show.html.erb within layouts/application (4.1ms)
Completed 200 OK in 79ms (Views: 71.8ms | ActiveRecord: 0.4ms)


Started GET "/students/2" for ::1 at 2020-10-07 18:51:48 -0400
Processing by StudentsController#show as HTML
  Parameters: {"id"=>"2"}
  [1m[36mStudent Load (0.4ms)[0m  [1m[34mSELECT  "students".* FROM "students" WHERE "students"."id" = ? LIMIT ?[0m  [["id", 2], ["LIMIT", 1]]
Completed 404 Not Found in 9ms (ActiveRecord: 0.4ms)


  
ActiveRecord::RecordNotFound (Couldn't find Student with 'id'=2):
  
app/controllers/students_controller.rb:11:in `show'
  Rendering /Users/frankraccoon/.rvm/gems/ruby-2.6.1/gems/actionpack-5.0.7.1/lib/action_dispatch/middleware/templates/rescues/diagnostics.html.erb within rescues/layout
  Rendering /Users/frankraccoon/.rvm/gems/ruby-2.6.1/gems/actionpack-5.0.7.1/lib/action_dispatch/middleware/templates/rescues/_source.html.erb
  Rendered /Users/frankraccoon/.rvm/gems/ruby-2.6.1/gems/actionpack-5.0.7.1/lib/action_dispatch/middleware/templates/rescues/_source.html.erb (7.2ms)
  Rendering /Users/frankraccoon/.rvm/gems/ruby-2.6.1/gems/actionpack-5.0.7.1/lib/action_dispatch/middleware/templates/rescues/_trace.html.erb
  Rendered /Users/frankraccoon/.rvm/gems/ruby-2.6.1/gems/actionpack-5.0.7.1/lib/action_dispatch/middleware/templates/rescues/_trace.html.erb (18.3ms)
  Rendering /Users/frankraccoon/.rvm/gems/ruby-2.6.1/gems/actionpack-5.0.7.1/lib/action_dispatch/middleware/templates/rescues/_request_and_response.html.erb
  Rendered /Users/frankraccoon/.rvm/gems/ruby-2.6.1/gems/actionpack-5.0.7.1/lib/action_dispatch/middleware/templates/rescues/_request_and_response.html.erb (19.7ms)
  Rendered /Users/frankraccoon/.rvm/gems/ruby-2.6.1/gems/actionpack-5.0.7.1/lib/action_dispatch/middleware/templates/rescues/diagnostics.html.erb within rescues/layout (149.8ms)
Started GET "/students/" for ::1 at 2020-10-07 18:52:02 -0400
Processing by StudentsController#index as HTML
  Rendering students/index.html.erb within layouts/application
  [1m[36mStudent Load (1.6ms)[0m  [1m[34mSELECT "students".* FROM "students"[0m
  Rendered students/index.html.erb within layouts/application (24.2ms)
Completed 200 OK in 271ms (Views: 230.6ms | ActiveRecord: 1.6ms)


Started GET "/students/3" for ::1 at 2020-10-07 18:52:06 -0400
Processing by StudentsController#show as HTML
  Parameters: {"id"=>"3"}
  [1m[36mStudent Load (0.5ms)[0m  [1m[34mSELECT  "students".* FROM "students" WHERE "students"."id" = ? LIMIT ?[0m  [["id", 3], ["LIMIT", 1]]
  Rendering students/show.html.erb within layouts/application
  Rendered students/show.html.erb within layouts/application (0.7ms)
Completed 200 OK in 103ms (Views: 93.6ms | ActiveRecord: 0.5ms)


Started GET "/students/4" for ::1 at 2020-10-07 18:52:10 -0400
Processing by StudentsController#show as HTML
  Parameters: {"id"=>"4"}
  [1m[36mStudent Load (0.1ms)[0m  [1m[34mSELECT  "students".* FROM "students" WHERE "students"."id" = ? LIMIT ?[0m  [["id", 4], ["LIMIT", 1]]
  Rendering students/show.html.erb within layouts/application
  Rendered students/show.html.erb within layouts/application (7.1ms)
Completed 200 OK in 89ms (Views: 86.5ms | ActiveRecord: 0.1ms)


Started GET "/students/3" for ::1 at 2020-10-07 18:52:13 -0400
Processing by StudentsController#show as HTML
  Parameters: {"id"=>"3"}
  [1m[36mStudent Load (0.3ms)[0m  [1m[34mSELECT  "students".* FROM "students" WHERE "students"."id" = ? LIMIT ?[0m  [["id", 3], ["LIMIT", 1]]
  Rendering students/show.html.erb within layouts/application
  Rendered students/show.html.erb within layouts/application (4.0ms)
Completed 200 OK in 65ms (Views: 58.6ms | ActiveRecord: 0.3ms)


Started GET "/students/3/edit" for ::1 at 2020-10-07 18:52:18 -0400
Processing by StudentsController#edit as HTML
  Parameters: {"id"=>"3"}
  [1m[36mStudent Load (0.2ms)[0m  [1m[34mSELECT  "students".* FROM "students" WHERE "students"."id" = ? LIMIT ?[0m  [["id", 3], ["LIMIT", 1]]
  Rendering students/edit.html.erb within layouts/application
  Rendered students/edit.html.erb within layouts/application (46.7ms)
Completed 200 OK in 324ms (Views: 310.2ms | ActiveRecord: 0.2ms)


Started PATCH "/students/3" for ::1 at 2020-10-07 18:52:26 -0400
Processing by StudentsController#update as HTML
  Parameters: {"utf8"=>"✓", "authenticity_token"=>"9eUy1GCFOr2cVPU64JIvjax1y1tTdSm+Nfn7fQNDwEV3beufEq1HXPu7LP6bRa6+jaijtu3txwCszXQkOiwTsQ==", "student"=>{"first_name"=>"Roman", "last_name"=>"T"}, "commit"=>"Update Student", "id"=>"3"}
  [1m[36mStudent Load (9.0ms)[0m  [1m[34mSELECT  "students".* FROM "students" WHERE "students"."id" = ? LIMIT ?[0m  [["id", 3], ["LIMIT", 1]]
  [1m[35m (0.4ms)[0m  [1m[36mbegin transaction[0m
  [1m[35mSQL (52.5ms)[0m  [1m[33mUPDATE "students" SET "last_name" = ?, "updated_at" = ? WHERE "students"."id" = ?[0m  [["last_name", "T"], ["updated_at", "2020-10-07 22:52:26.814711"], ["id", 3]]
  [1m[35m (26.5ms)[0m  [1m[36mcommit transaction[0m
Redirected to http://localhost:3000/students/3
Completed 302 Found in 130ms (ActiveRecord: 88.4ms)


Started GET "/students/3" for ::1 at 2020-10-07 18:52:26 -0400
Processing by StudentsController#show as HTML
  Parameters: {"id"=>"3"}
  [1m[36mStudent Load (0.2ms)[0m  [1m[34mSELECT  "students".* FROM "students" WHERE "students"."id" = ? LIMIT ?[0m  [["id", 3], ["LIMIT", 1]]
  Rendering students/show.html.erb within layouts/application
  Rendered students/show.html.erb within layouts/application (1.2ms)
Completed 200 OK in 116ms (Views: 108.7ms | ActiveRecord: 0.2ms)


Started GET "/school_classes" for ::1 at 2020-10-07 18:52:35 -0400
Processing by SchoolClassesController#index as HTML
  Rendering school_classes/index.html.erb within layouts/application
  [1m[36mSchoolClass Load (0.4ms)[0m  [1m[34mSELECT "school_classes".* FROM "school_classes"[0m
  Rendered school_classes/index.html.erb within layouts/application (9.1ms)
Completed 200 OK in 192ms (Views: 169.0ms | ActiveRecord: 0.4ms)


Started GET "/school_classes/2" for ::1 at 2020-10-07 18:52:39 -0400
Processing by SchoolClassesController#show as HTML
  Parameters: {"id"=>"2"}
  [1m[36mSchoolClass Load (0.4ms)[0m  [1m[34mSELECT  "school_classes".* FROM "school_classes" WHERE "school_classes"."id" = ? LIMIT ?[0m  [["id", 2], ["LIMIT", 1]]
  Rendering school_classes/show.html.erb within layouts/application
  Rendered school_classes/show.html.erb within layouts/application (0.9ms)
Completed 200 OK in 70ms (Views: 61.9ms | ActiveRecord: 0.4ms)


Started GET "/school_classes/2/edit" for ::1 at 2020-10-07 18:52:44 -0400
Processing by SchoolClassesController#edit as HTML
  Parameters: {"id"=>"2"}
  [1m[36mSchoolClass Load (0.3ms)[0m  [1m[34mSELECT  "school_classes".* FROM "school_classes" WHERE "school_classes"."id" = ? LIMIT ?[0m  [["id", 2], ["LIMIT", 1]]
  Rendering school_classes/edit.html.erb within layouts/application
  Rendered school_classes/edit.html.erb within layouts/application (35.5ms)
Completed 200 OK in 158ms (Views: 149.7ms | ActiveRecord: 0.3ms)


Started PATCH "/school_classes/2" for ::1 at 2020-10-07 18:52:49 -0400
Processing by SchoolClassesController#update as HTML
  Parameters: {"utf8"=>"✓", "authenticity_token"=>"vFmBUaDON42f1NqF0j5ARIffv1mGJmpOEslIcpZBVuo+0Vga0uZKbPg7A0Gp6cF3pgLXtDi+hPCL/ccrry6FHg==", "school_class"=>{"title"=>"Acting 101", "room_number"=>"235"}, "commit"=>"Update School class", "id"=>"2"}
  [1m[36mSchoolClass Load (0.3ms)[0m  [1m[34mSELECT  "school_classes".* FROM "school_classes" WHERE "school_classes"."id" = ? LIMIT ?[0m  [["id", 2], ["LIMIT", 1]]
  [1m[35m (0.1ms)[0m  [1m[36mbegin transaction[0m
  [1m[35mSQL (2.0ms)[0m  [1m[33mUPDATE "school_classes" SET "room_number" = ?, "updated_at" = ? WHERE "school_classes"."id" = ?[0m  [["room_number", 235], ["updated_at", "2020-10-07 22:52:49.222264"], ["id", 2]]
  [1m[35m (47.3ms)[0m  [1m[36mcommit transaction[0m
Redirected to http://localhost:3000/school_classes/2
Completed 302 Found in 62ms (ActiveRecord: 49.7ms)


Started GET "/school_classes/2" for ::1 at 2020-10-07 18:52:49 -0400
Processing by SchoolClassesController#show as HTML
  Parameters: {"id"=>"2"}
  [1m[36mSchoolClass Load (0.3ms)[0m  [1m[34mSELECT  "school_classes".* FROM "school_classes" WHERE "school_classes"."id" = ? LIMIT ?[0m  [["id", 2], ["LIMIT", 1]]
  Rendering school_classes/show.html.erb within layouts/application
  Rendered school_classes/show.html.erb within layouts/application (1.4ms)
Completed 200 OK in 93ms (Views: 87.8ms | ActiveRecord: 0.3ms)


  [1m[36mActiveRecord::SchemaMigration Load (2.8ms)[0m  [1m[34mSELECT "schema_migrations".* FROM "schema_migrations"[0m
  [1m[36mActiveRecord::InternalMetadata Load (2.4ms)[0m  [1m[34mSELECT  "ar_internal_metadata".* FROM "ar_internal_metadata" WHERE "ar_internal_metadata"."key" = ? LIMIT ?[0m  [["key", "environment"], ["LIMIT", 1]]
  [1m[35m (0.1ms)[0m  [1m[36mbegin transaction[0m
  [1m[35m (0.1ms)[0m  [1m[36mcommit transaction[0m
  [1m[36mActiveRecord::SchemaMigration Load (0.1ms)[0m  [1m[34mSELECT "schema_migrations".* FROM "schema_migrations"[0m
